<?xml version="1.0" encoding="UTF-8" ?>
<testsuite failures="0" time="2.466" errors="0" skipped="0" tests="38" name="org.apache.jena.fuseki.TS_Fuseki">
  <properties>
[...]
</properties>
  <testcase time="0" classname="org.apache.jena.fuseki.TestProtocol" name="protocol_01"/>
  <testcase time="0.003" classname="org.apache.jena.web.TestDatasetGraphAccessorMem" name="get_01"/>
  <testcase time="0.001" classname="org.apache.jena.web.TestDatasetGraphAccessorMem" name="get_02"/>
  <testcase time="0.01" classname="org.apache.jena.web.TestDatasetGraphAccessorMem" name="put_01"/>
  <testcase time="0" classname="org.apache.jena.web.TestDatasetGraphAccessorMem" name="put_02"/>
  <testcase time="0.001" classname="org.apache.jena.web.TestDatasetGraphAccessorMem" name="post_01"/>
  <testcase time="0.001" classname="org.apache.jena.web.TestDatasetGraphAccessorMem" name="post_02"/>
  <testcase time="0" classname="org.apache.jena.web.TestDatasetGraphAccessorMem" name="delete_01"/>
  <testcase time="0" classname="org.apache.jena.web.TestDatasetGraphAccessorMem" name="delete_02"/>
  <testcase time="0.035" classname="org.apache.jena.fuseki.http.TestDatasetGraphAccessorHTTP" name="get_01"/>
  <testcase time="0.013" classname="org.apache.jena.fuseki.http.TestDatasetGraphAccessorHTTP" name="get_02"/>
  <testcase time="0.031" classname="org.apache.jena.fuseki.http.TestDatasetGraphAccessorHTTP" name="put_01"/>
  <testcase time="0.032" classname="org.apache.jena.fuseki.http.TestDatasetGraphAccessorHTTP" name="put_02"/>
  <testcase time="0.029" classname="org.apache.jena.fuseki.http.TestDatasetGraphAccessorHTTP" name="post_01"/>
  <testcase time="0.038" classname="org.apache.jena.fuseki.http.TestDatasetGraphAccessorHTTP" name="post_02"/>
  <testcase time="0.047" classname="org.apache.jena.fuseki.http.TestDatasetGraphAccessorHTTP" name="delete_01"/>
  <testcase time="0.07" classname="org.apache.jena.fuseki.http.TestDatasetGraphAccessorHTTP" name="delete_02"/>
  <testcase time="0.03" classname="org.apache.jena.fuseki.http.TestDatasetAccessorHTTP" name="clearup_1"/>
  <testcase time="0.014" classname="org.apache.jena.fuseki.http.TestDatasetAccessorHTTP" name="get_01"/>
  <testcase time="0.012" classname="org.apache.jena.fuseki.http.TestDatasetAccessorHTTP" name="get_02"/>
  <testcase time="0.015" classname="org.apache.jena.fuseki.http.TestDatasetAccessorHTTP" name="test_ds_1"/>
  <testcase time="0.012" classname="org.apache.jena.fuseki.http.TestDatasetAccessorHTTP" name="test_ds_2"/>
  <testcase time="0.012" classname="org.apache.jena.fuseki.http.TestDatasetAccessorHTTP" name="test_ds_3"/>
  <testcase time="0.031" classname="org.apache.jena.fuseki.http.TestDatasetAccessorHTTP" name="put_01"/>
  <testcase time="0.05" classname="org.apache.jena.fuseki.http.TestDatasetAccessorHTTP" name="put_02"/>
  <testcase time="0.039" classname="org.apache.jena.fuseki.http.TestDatasetAccessorHTTP" name="put_03"/>
  <testcase time="0.042" classname="org.apache.jena.fuseki.http.TestDatasetAccessorHTTP" name="post_01"/>
  <testcase time="0.039" classname="org.apache.jena.fuseki.http.TestDatasetAccessorHTTP" name="post_02"/>
  <testcase time="0.011" classname="org.apache.jena.fuseki.http.TestDatasetAccessorHTTP" name="delete_01"/>
  <testcase time="0.015" classname="org.apache.jena.fuseki.http.TestDatasetAccessorHTTP" name="delete_02"/>
  <testcase time="0.011" classname="org.apache.jena.fuseki.http.TestDatasetAccessorHTTP" name="head_01"/>
  <testcase time="0.039" classname="org.apache.jena.fuseki.http.TestDatasetAccessorHTTP" name="head_02"/>
  <testcase time="0.011" classname="org.apache.jena.fuseki.http.TestDatasetAccessorHTTP" name="test_404_1"/>
  <testcase time="0.009" classname="org.apache.jena.fuseki.http.TestDatasetAccessorHTTP" name="test_404_2"/>
  <testcase time="0.011" classname="org.apache.jena.fuseki.http.TestDatasetAccessorHTTP" name="test_404_3"/>
  <testcase time="0" classname="org.apache.jena.fuseki.TestUpdate" name="t1"/>
  <testcase time="0.115" classname="org.apache.jena.fuseki.TestQuery" name="query_01"/>
  <testcase time="0.005" classname="org.apache.jena.fuseki.TestQuery" name="request_id_header_01"/>
</testsuite>